<?xml version="1.0" encoding="UTF-8"?>
<testng-results ignored="0" total="1" passed="1" failed="0" skipped="0">
  <reporter-output>
  </reporter-output>
  <suite started-at="2021-05-25T04:43:51Z" name="Banking" finished-at="2021-05-25T04:44:11Z" duration-ms="19826">
    <groups>
    </groups>
    <test started-at="2021-05-25T04:43:51Z" name="Banking login test" finished-at="2021-05-25T04:44:11Z" duration-ms="19826">
      <class name="com.banking.testcases.TC_LoginTest_001">
        <test-method is-config="true" signature="setup()[pri:0, instance:com.banking.testcases.TC_LoginTest_001@73194df]" started-at="2021-05-25T04:43:51Z" name="setup" finished-at="2021-05-25T04:44:05Z" duration-ms="13297" status="PASS">
          <reporter-output>
          </reporter-output>
        </test-method> <!-- setup -->
        <test-method signature="logintest()[pri:0, instance:com.banking.testcases.TC_LoginTest_001@73194df]" started-at="2021-05-25T04:44:05Z" name="logintest" finished-at="2021-05-25T04:44:10Z" duration-ms="5529" status="PASS">
          <reporter-output>
          </reporter-output>
        </test-method> <!-- logintest -->
        <test-method is-config="true" signature="teardown()[pri:0, instance:com.banking.testcases.TC_LoginTest_001@73194df]" started-at="2021-05-25T04:44:10Z" name="teardown" finished-at="2021-05-25T04:44:11Z" duration-ms="957" status="PASS">
          <reporter-output>
          </reporter-output>
        </test-method> <!-- teardown -->
      </class> <!-- com.banking.testcases.TC_LoginTest_001 -->
    </test> <!-- Banking login test -->
  </suite> <!-- Banking -->
</testng-results>
